<?xml version="1.0" encoding="UTF-8"?>
<testng-results ignored="0" total="1" passed="1" failed="0" skipped="0">
  <reporter-output>
  </reporter-output>
  <suite started-at="2023-05-25T20:23:13 EDT" name="Default suite" finished-at="2023-05-25T20:23:30 EDT" duration-ms="17265">
    <groups>
    </groups>
    <test started-at="2023-05-25T20:23:13 EDT" name="Default test" finished-at="2023-05-25T20:23:30 EDT" duration-ms="17265">
      <class name="seleniumDay05.alertTestCases">
        <test-method is-config="true" signature="openBrowser()[pri:0, instance:seleniumDay05.alertTestCases@2e4b8173]" started-at="2023-05-25T20:23:13 EDT" name="openBrowser" finished-at="2023-05-25T20:23:30 EDT" duration-ms="16933" status="PASS">
          <reporter-output>
          </reporter-output>
        </test-method> <!-- openBrowser -->
        <test-method signature="handleAlertBoxes()[pri:0, instance:seleniumDay05.alertTestCases@2e4b8173]" started-at="2023-05-25T20:23:30 EDT" name="handleAlertBoxes" finished-at="2023-05-25T20:23:30 EDT" duration-ms="301" status="PASS">
          <reporter-output>
          </reporter-output>
        </test-method> <!-- handleAlertBoxes -->
      </class> <!-- seleniumDay05.alertTestCases -->
    </test> <!-- Default test -->
  </suite> <!-- Default suite -->
</testng-results>
